<?xml version="1.0" encoding="UTF-8"?>
<testng-results ignored="0" total="20" passed="20" failed="0" skipped="0">
  <reporter-output>
  </reporter-output>
  <suite started-at="2024-05-06T14:05:05 GMT" name="flight-reservation" finished-at="2024-05-06T14:05:36 GMT" duration-ms="30538">
    <groups>
    </groups>
    <test started-at="2024-05-06T14:05:05 GMT" name="passengers-count-1" finished-at="2024-05-06T14:05:33 GMT" duration-ms="27764">
      <class name="com.fw.tests.flightreservation.FlightReservationTest">
        <test-method is-config="true" signature="setDriver(org.testng.ITestContext)[pri:0, instance:com.fw.tests.flightreservation.FlightReservationTest@14a50707]" started-at="2024-05-06T14:05:05 GMT" name="setDriver" finished-at="2024-05-06T14:05:13 GMT" duration-ms="7873" status="PASS">
          <params>
            <param index="0">
              <value>
                <![CDATA[org.testng.TestRunner@65b104b9]]>
              </value>
            </param>
          </params>
          <reporter-output>
          </reporter-output>
        </test-method> <!-- setDriver -->
        <test-method is-config="true" signature="setParameters(java.lang.String)[pri:0, instance:com.fw.tests.flightreservation.FlightReservationTest@14a50707]" started-at="2024-05-06T14:05:13 GMT" name="setParameters" finished-at="2024-05-06T14:05:14 GMT" duration-ms="816" status="PASS">
          <params>
            <param index="0">
              <value>
                <![CDATA[test-data/flight-reservation/passenger-1.json]]>
              </value>
            </param>
          </params>
          <reporter-output>
          </reporter-output>
        </test-method> <!-- setParameters -->
        <test-method signature="userRegistrationTest()[pri:0, instance:com.fw.tests.flightreservation.FlightReservationTest@14a50707]" started-at="2024-05-06T14:05:14 GMT" name="userRegistrationTest" finished-at="2024-05-06T14:05:24 GMT" duration-ms="9440" status="PASS">
          <reporter-output>
          </reporter-output>
        </test-method> <!-- userRegistrationTest -->
        <test-method signature="registrationConfirmationTest()[pri:0, instance:com.fw.tests.flightreservation.FlightReservationTest@14a50707]" started-at="2024-05-06T14:05:24 GMT" name="registrationConfirmationTest" finished-at="2024-05-06T14:05:27 GMT" depends-on-methods="com.fw.tests.flightreservation.FlightReservationTest.userRegistrationTest" duration-ms="2932" status="PASS">
          <reporter-output>
          </reporter-output>
        </test-method> <!-- registrationConfirmationTest -->
        <test-method signature="flightsSearchTest()[pri:0, instance:com.fw.tests.flightreservation.FlightReservationTest@14a50707]" started-at="2024-05-06T14:05:27 GMT" name="flightsSearchTest" finished-at="2024-05-06T14:05:29 GMT" depends-on-methods="com.fw.tests.flightreservation.FlightReservationTest.registrationConfirmationTest" duration-ms="1971" status="PASS">
          <reporter-output>
          </reporter-output>
        </test-method> <!-- flightsSearchTest -->
        <test-method signature="flightsSelectionTest()[pri:0, instance:com.fw.tests.flightreservation.FlightReservationTest@14a50707]" started-at="2024-05-06T14:05:29 GMT" name="flightsSelectionTest" finished-at="2024-05-06T14:05:31 GMT" depends-on-methods="com.fw.tests.flightreservation.FlightReservationTest.flightsSearchTest" duration-ms="2723" status="PASS">
          <reporter-output>
          </reporter-output>
        </test-method> <!-- flightsSelectionTest -->
        <test-method signature="flightReservationConfirmationTest()[pri:0, instance:com.fw.tests.flightreservation.FlightReservationTest@14a50707]" started-at="2024-05-06T14:05:31 GMT" name="flightReservationConfirmationTest" finished-at="2024-05-06T14:05:33 GMT" depends-on-methods="com.fw.tests.flightreservation.FlightReservationTest.flightsSelectionTest" duration-ms="1643" status="PASS">
          <reporter-output>
          </reporter-output>
        </test-method> <!-- flightReservationConfirmationTest -->
        <test-method is-config="true" signature="quitDriver()[pri:0, instance:com.fw.tests.flightreservation.FlightReservationTest@14a50707]" started-at="2024-05-06T14:05:33 GMT" name="quitDriver" finished-at="2024-05-06T14:05:33 GMT" duration-ms="269" status="PASS">
          <reporter-output>
          </reporter-output>
        </test-method> <!-- quitDriver -->
      </class> <!-- com.fw.tests.flightreservation.FlightReservationTest -->
    </test> <!-- passengers-count-1 -->
    <test started-at="2024-05-06T14:05:05 GMT" name="passengers-count-2" finished-at="2024-05-06T14:05:34 GMT" duration-ms="28353">
      <class name="com.fw.tests.flightreservation.FlightReservationTest">
        <test-method is-config="true" signature="setDriver(org.testng.ITestContext)[pri:0, instance:com.fw.tests.flightreservation.FlightReservationTest@58594a11]" started-at="2024-05-06T14:05:05 GMT" name="setDriver" finished-at="2024-05-06T14:05:13 GMT" duration-ms="7789" status="PASS">
          <params>
            <param index="0">
              <value>
                <![CDATA[org.testng.TestRunner@6d167f58]]>
              </value>
            </param>
          </params>
          <reporter-output>
          </reporter-output>
        </test-method> <!-- setDriver -->
        <test-method is-config="true" signature="setParameters(java.lang.String)[pri:0, instance:com.fw.tests.flightreservation.FlightReservationTest@58594a11]" started-at="2024-05-06T14:05:13 GMT" name="setParameters" finished-at="2024-05-06T14:05:14 GMT" duration-ms="904" status="PASS">
          <params>
            <param index="0">
              <value>
                <![CDATA[test-data/flight-reservation/passenger-2.json]]>
              </value>
            </param>
          </params>
          <reporter-output>
          </reporter-output>
        </test-method> <!-- setParameters -->
        <test-method signature="userRegistrationTest()[pri:0, instance:com.fw.tests.flightreservation.FlightReservationTest@58594a11]" started-at="2024-05-06T14:05:14 GMT" name="userRegistrationTest" finished-at="2024-05-06T14:05:24 GMT" duration-ms="9638" status="PASS">
          <reporter-output>
          </reporter-output>
        </test-method> <!-- userRegistrationTest -->
        <test-method signature="registrationConfirmationTest()[pri:0, instance:com.fw.tests.flightreservation.FlightReservationTest@58594a11]" started-at="2024-05-06T14:05:24 GMT" name="registrationConfirmationTest" finished-at="2024-05-06T14:05:26 GMT" depends-on-methods="com.fw.tests.flightreservation.FlightReservationTest.userRegistrationTest" duration-ms="1804" status="PASS">
          <reporter-output>
          </reporter-output>
        </test-method> <!-- registrationConfirmationTest -->
        <test-method signature="flightsSearchTest()[pri:0, instance:com.fw.tests.flightreservation.FlightReservationTest@58594a11]" started-at="2024-05-06T14:05:26 GMT" name="flightsSearchTest" finished-at="2024-05-06T14:05:29 GMT" depends-on-methods="com.fw.tests.flightreservation.FlightReservationTest.registrationConfirmationTest" duration-ms="3059" status="PASS">
          <reporter-output>
          </reporter-output>
        </test-method> <!-- flightsSearchTest -->
        <test-method signature="flightsSelectionTest()[pri:0, instance:com.fw.tests.flightreservation.FlightReservationTest@58594a11]" started-at="2024-05-06T14:05:29 GMT" name="flightsSelectionTest" finished-at="2024-05-06T14:05:32 GMT" depends-on-methods="com.fw.tests.flightreservation.FlightReservationTest.flightsSearchTest" duration-ms="3267" status="PASS">
          <reporter-output>
          </reporter-output>
        </test-method> <!-- flightsSelectionTest -->
        <test-method signature="flightReservationConfirmationTest()[pri:0, instance:com.fw.tests.flightreservation.FlightReservationTest@58594a11]" started-at="2024-05-06T14:05:32 GMT" name="flightReservationConfirmationTest" finished-at="2024-05-06T14:05:34 GMT" depends-on-methods="com.fw.tests.flightreservation.FlightReservationTest.flightsSelectionTest" duration-ms="1626" status="PASS">
          <reporter-output>
          </reporter-output>
        </test-method> <!-- flightReservationConfirmationTest -->
        <test-method is-config="true" signature="quitDriver()[pri:0, instance:com.fw.tests.flightreservation.FlightReservationTest@58594a11]" started-at="2024-05-06T14:05:34 GMT" name="quitDriver" finished-at="2024-05-06T14:05:34 GMT" duration-ms="185" status="PASS">
          <reporter-output>
          </reporter-output>
        </test-method> <!-- quitDriver -->
      </class> <!-- com.fw.tests.flightreservation.FlightReservationTest -->
    </test> <!-- passengers-count-2 -->
    <test started-at="2024-05-06T14:05:05 GMT" name="passengers-count-3" finished-at="2024-05-06T14:05:35 GMT" duration-ms="29847">
      <class name="com.fw.tests.flightreservation.FlightReservationTest">
        <test-method is-config="true" signature="setDriver(org.testng.ITestContext)[pri:0, instance:com.fw.tests.flightreservation.FlightReservationTest@4167d97b]" started-at="2024-05-06T14:05:05 GMT" name="setDriver" finished-at="2024-05-06T14:05:13 GMT" duration-ms="7808" status="PASS">
          <params>
            <param index="0">
              <value>
                <![CDATA[org.testng.TestRunner@4ff8d125]]>
              </value>
            </param>
          </params>
          <reporter-output>
          </reporter-output>
        </test-method> <!-- setDriver -->
        <test-method is-config="true" signature="setParameters(java.lang.String)[pri:0, instance:com.fw.tests.flightreservation.FlightReservationTest@4167d97b]" started-at="2024-05-06T14:05:13 GMT" name="setParameters" finished-at="2024-05-06T14:05:14 GMT" duration-ms="886" status="PASS">
          <params>
            <param index="0">
              <value>
                <![CDATA[test-data/flight-reservation/passenger-3.json]]>
              </value>
            </param>
          </params>
          <reporter-output>
          </reporter-output>
        </test-method> <!-- setParameters -->
        <test-method signature="userRegistrationTest()[pri:0, instance:com.fw.tests.flightreservation.FlightReservationTest@4167d97b]" started-at="2024-05-06T14:05:14 GMT" name="userRegistrationTest" finished-at="2024-05-06T14:05:24 GMT" duration-ms="9439" status="PASS">
          <reporter-output>
          </reporter-output>
        </test-method> <!-- userRegistrationTest -->
        <test-method signature="registrationConfirmationTest()[pri:0, instance:com.fw.tests.flightreservation.FlightReservationTest@4167d97b]" started-at="2024-05-06T14:05:24 GMT" name="registrationConfirmationTest" finished-at="2024-05-06T14:05:28 GMT" depends-on-methods="com.fw.tests.flightreservation.FlightReservationTest.userRegistrationTest" duration-ms="4130" status="PASS">
          <reporter-output>
          </reporter-output>
        </test-method> <!-- registrationConfirmationTest -->
        <test-method signature="flightsSearchTest()[pri:0, instance:com.fw.tests.flightreservation.FlightReservationTest@4167d97b]" started-at="2024-05-06T14:05:28 GMT" name="flightsSearchTest" finished-at="2024-05-06T14:05:30 GMT" depends-on-methods="com.fw.tests.flightreservation.FlightReservationTest.registrationConfirmationTest" duration-ms="2148" status="PASS">
          <reporter-output>
          </reporter-output>
        </test-method> <!-- flightsSearchTest -->
        <test-method signature="flightsSelectionTest()[pri:0, instance:com.fw.tests.flightreservation.FlightReservationTest@4167d97b]" started-at="2024-05-06T14:05:30 GMT" name="flightsSelectionTest" finished-at="2024-05-06T14:05:34 GMT" depends-on-methods="com.fw.tests.flightreservation.FlightReservationTest.flightsSearchTest" duration-ms="4320" status="PASS">
          <reporter-output>
          </reporter-output>
        </test-method> <!-- flightsSelectionTest -->
        <test-method signature="flightReservationConfirmationTest()[pri:0, instance:com.fw.tests.flightreservation.FlightReservationTest@4167d97b]" started-at="2024-05-06T14:05:34 GMT" name="flightReservationConfirmationTest" finished-at="2024-05-06T14:05:35 GMT" depends-on-methods="com.fw.tests.flightreservation.FlightReservationTest.flightsSelectionTest" duration-ms="942" status="PASS">
          <reporter-output>
          </reporter-output>
        </test-method> <!-- flightReservationConfirmationTest -->
        <test-method is-config="true" signature="quitDriver()[pri:0, instance:com.fw.tests.flightreservation.FlightReservationTest@4167d97b]" started-at="2024-05-06T14:05:35 GMT" name="quitDriver" finished-at="2024-05-06T14:05:35 GMT" duration-ms="97" status="PASS">
          <reporter-output>
          </reporter-output>
        </test-method> <!-- quitDriver -->
      </class> <!-- com.fw.tests.flightreservation.FlightReservationTest -->
    </test> <!-- passengers-count-3 -->
    <test started-at="2024-05-06T14:05:05 GMT" name="passengers-count-4" finished-at="2024-05-06T14:05:36 GMT" duration-ms="30528">
      <class name="com.fw.tests.flightreservation.FlightReservationTest">
        <test-method is-config="true" signature="setupConfig()[pri:0, instance:com.fw.tests.flightreservation.FlightReservationTest@68f1b17f]" started-at="2024-05-06T14:05:05 GMT" name="setupConfig" finished-at="2024-05-06T14:05:05 GMT" duration-ms="35" status="PASS">
          <reporter-output>
          </reporter-output>
        </test-method> <!-- setupConfig -->
        <test-method is-config="true" signature="setDriver(org.testng.ITestContext)[pri:0, instance:com.fw.tests.flightreservation.FlightReservationTest@68f1b17f]" started-at="2024-05-06T14:05:05 GMT" name="setDriver" finished-at="2024-05-06T14:05:13 GMT" duration-ms="7819" status="PASS">
          <params>
            <param index="0">
              <value>
                <![CDATA[org.testng.TestRunner@3403e2ac]]>
              </value>
            </param>
          </params>
          <reporter-output>
          </reporter-output>
        </test-method> <!-- setDriver -->
        <test-method is-config="true" signature="setParameters(java.lang.String)[pri:0, instance:com.fw.tests.flightreservation.FlightReservationTest@68f1b17f]" started-at="2024-05-06T14:05:13 GMT" name="setParameters" finished-at="2024-05-06T14:05:14 GMT" duration-ms="871" status="PASS">
          <params>
            <param index="0">
              <value>
                <![CDATA[test-data/flight-reservation/passenger-4.json]]>
              </value>
            </param>
          </params>
          <reporter-output>
          </reporter-output>
        </test-method> <!-- setParameters -->
        <test-method signature="userRegistrationTest()[pri:0, instance:com.fw.tests.flightreservation.FlightReservationTest@68f1b17f]" started-at="2024-05-06T14:05:14 GMT" name="userRegistrationTest" finished-at="2024-05-06T14:05:23 GMT" duration-ms="9122" status="PASS">
          <reporter-output>
          </reporter-output>
        </test-method> <!-- userRegistrationTest -->
        <test-method signature="registrationConfirmationTest()[pri:0, instance:com.fw.tests.flightreservation.FlightReservationTest@68f1b17f]" started-at="2024-05-06T14:05:23 GMT" name="registrationConfirmationTest" finished-at="2024-05-06T14:05:26 GMT" depends-on-methods="com.fw.tests.flightreservation.FlightReservationTest.userRegistrationTest" duration-ms="2962" status="PASS">
          <reporter-output>
          </reporter-output>
        </test-method> <!-- registrationConfirmationTest -->
        <test-method signature="flightsSearchTest()[pri:0, instance:com.fw.tests.flightreservation.FlightReservationTest@68f1b17f]" started-at="2024-05-06T14:05:26 GMT" name="flightsSearchTest" finished-at="2024-05-06T14:05:30 GMT" depends-on-methods="com.fw.tests.flightreservation.FlightReservationTest.registrationConfirmationTest" duration-ms="3387" status="PASS">
          <reporter-output>
          </reporter-output>
        </test-method> <!-- flightsSearchTest -->
        <test-method signature="flightsSelectionTest()[pri:0, instance:com.fw.tests.flightreservation.FlightReservationTest@68f1b17f]" started-at="2024-05-06T14:05:30 GMT" name="flightsSelectionTest" finished-at="2024-05-06T14:05:33 GMT" depends-on-methods="com.fw.tests.flightreservation.FlightReservationTest.flightsSearchTest" duration-ms="3145" status="PASS">
          <reporter-output>
          </reporter-output>
        </test-method> <!-- flightsSelectionTest -->
        <test-method signature="flightReservationConfirmationTest()[pri:0, instance:com.fw.tests.flightreservation.FlightReservationTest@68f1b17f]" started-at="2024-05-06T14:05:33 GMT" name="flightReservationConfirmationTest" finished-at="2024-05-06T14:05:36 GMT" depends-on-methods="com.fw.tests.flightreservation.FlightReservationTest.flightsSelectionTest" duration-ms="2977" status="PASS">
          <reporter-output>
          </reporter-output>
        </test-method> <!-- flightReservationConfirmationTest -->
        <test-method is-config="true" signature="quitDriver()[pri:0, instance:com.fw.tests.flightreservation.FlightReservationTest@68f1b17f]" started-at="2024-05-06T14:05:36 GMT" name="quitDriver" finished-at="2024-05-06T14:05:36 GMT" duration-ms="152" status="PASS">
          <reporter-output>
          </reporter-output>
        </test-method> <!-- quitDriver -->
      </class> <!-- com.fw.tests.flightreservation.FlightReservationTest -->
    </test> <!-- passengers-count-4 -->
  </suite> <!-- flight-reservation -->
</testng-results>
